--- PayFlux Smoke Load Check ---
Target: http://localhost:8080
Concurrent: 50, Total: 10000
Warming up...
Firing 10k events...

Summary:
  Total:	0.1680 secs
  Slowest:	0.0201 secs
  Fastest:	0.0000 secs
  Average:	0.0008 secs
  Requests/sec:	59534.0862
  
  Total data:	189700 bytes
  Size/request:	18 bytes

Response time histogram:
  0.000 [1]	|
  0.002 [9293]	|■■■■■■■■■■■■■■■■■■■■■■■■■■■■■■■■■■■■■■■■
  0.004 [647]	|■■■
  0.006 [8]	|
  0.008 [0]	|
  0.010 [1]	|
  0.012 [8]	|
  0.014 [2]	|
  0.016 [7]	|
  0.018 [14]	|
  0.020 [19]	|


Latency distribution:
  10% in 0.0002 secs
  25% in 0.0003 secs
  50% in 0.0005 secs
  75% in 0.0010 secs
  90% in 0.0018 secs
  95% in 0.0023 secs
  99% in 0.0031 secs

Details (average, fastest, slowest):
  DNS+dialup:	0.0000 secs, 0.0000 secs, 0.0201 secs
  DNS-lookup:	0.0000 secs, 0.0000 secs, 0.0034 secs
  req write:	0.0000 secs, 0.0000 secs, 0.0022 secs
  resp wait:	0.0006 secs, 0.0000 secs, 0.0107 secs
  resp read:	0.0001 secs, 0.0000 secs, 0.0027 secs

Status code distribution:
  [202]	515 responses
  [429]	9485 responses



Load complete. Waiting for drain...
--- Results ---
✅ SUCCESS: All 10k events processed (Pending = 0)
